<?xml version="1.0" encoding="UTF-8"?>
<testng-results ignored="0" total="1" passed="1" failed="0" skipped="0">
  <reporter-output>
  </reporter-output>
  <suite started-at="2023-01-16T22:28:42Z" name="Default suite" finished-at="2023-01-16T22:29:14Z" duration-ms="31269">
    <groups>
    </groups>
    <test started-at="2023-01-16T22:28:42Z" name="Default test" finished-at="2023-01-16T22:29:14Z" duration-ms="31269">
      <class name="AppiumPortfolioProject.AppiumFramework.MobileBrowserTest">
        <test-method is-config="true" signature="ConfigureAppium()[pri:0, instance:AppiumPortfolioProject.AppiumFramework.MobileBrowserTest@5b247367]" started-at="2023-01-16T22:28:42Z" name="ConfigureAppium" finished-at="2023-01-16T22:29:04Z" duration-ms="22037" status="PASS">
          <reporter-output>
          </reporter-output>
        </test-method> <!-- ConfigureAppium -->
        <test-method signature="browserTest()[pri:0, instance:AppiumPortfolioProject.AppiumFramework.MobileBrowserTest@5b247367]" started-at="2023-01-16T22:29:04Z" name="browserTest" finished-at="2023-01-16T22:29:13Z" duration-ms="8605" status="PASS">
          <reporter-output>
          </reporter-output>
        </test-method> <!-- browserTest -->
        <test-method is-config="true" signature="tearDown()[pri:0, instance:AppiumPortfolioProject.AppiumFramework.MobileBrowserTest@5b247367]" started-at="2023-01-16T22:29:13Z" name="tearDown" finished-at="2023-01-16T22:29:14Z" duration-ms="602" status="PASS">
          <reporter-output>
          </reporter-output>
        </test-method> <!-- tearDown -->
      </class> <!-- AppiumPortfolioProject.AppiumFramework.MobileBrowserTest -->
    </test> <!-- Default test -->
  </suite> <!-- Default suite -->
</testng-results>
