<?xml version="1.0" encoding="UTF-8"?>
<testng-results ignored="0" total="1" passed="1" failed="0" skipped="0">
  <reporter-output>
  </reporter-output>
  <suite started-at="2023-01-09T00:42:36Z" name="Default suite" finished-at="2023-01-09T00:42:47Z" duration-ms="11409">
    <groups>
    </groups>
    <test started-at="2023-01-09T00:42:36Z" name="Default test" finished-at="2023-01-09T00:42:47Z" duration-ms="11409">
      <class name="AppiumPortfolioProject.AppiumFramework.AppiumBasics">
        <test-method signature="WifiSettingsName()[pri:0, instance:AppiumPortfolioProject.AppiumFramework.AppiumBasics@2d901eb0]" started-at="2023-01-09T00:42:36Z" name="WifiSettingsName" finished-at="2023-01-09T00:42:47Z" duration-ms="11375" status="PASS">
          <reporter-output>
          </reporter-output>
        </test-method> <!-- WifiSettingsName -->
      </class> <!-- AppiumPortfolioProject.AppiumFramework.AppiumBasics -->
    </test> <!-- Default test -->
  </suite> <!-- Default suite -->
</testng-results>
